Installing libgcc-4.1.2-54.el5.x86_64
warning: libgcc-4.1.2-54.el5: Header V3 DSA signature: NOKEY, key ID 37017186
Installing setup-2.5.58-9.el5.noarch
Installing filesystem-2.4.0-3.el5.x86_64
Installing basesystem-8.0-5.1.1.noarch
Installing gnome-mime-data-2.4.2-3.1.x86_64
Installing cracklib-dicts-2.8.9-3.3.x86_64
Installing 1:termcap-5.5-1.20060701.1.noarch
Installing nash-5.1.19.6-79.el5.x86_64
Installing kernel-headers-2.6.18-348.el5.x86_64
Installing mailcap-2.1.23-1.fc6.noarch
Installing tzdata-2012i-2.el5.x86_64
Installing glibc-common-2.5-107.x86_64
Installing glibc-2.5-107.x86_64
Installing glib2-2.12.3-4.el5_3.1.x86_64
Installing zlib-1.2.3-7.el5.x86_64
Installing chkconfig-1.3.30.2-2.el5.x86_64
Installing atk-1.12.2-1.fc6.x86_64
Installing popt-1.10.2.3-31.el5.x86_64
Installing libstdc++-4.1.2-54.el5.x86_64
Installing 3:mktemp-1.5-24.el5.x86_64
Installing nspr-4.9.1-6.el5.x86_64
Installing libICE-1.0.1-2.1.x86_64
Installing libSM-1.0.1-3.1.x86_64
Installing libart_lgpl-2.3.17-4.x86_64
Installing audit-libs-1.8-2.el5.x86_64
Installing expat-1.95.8-11.el5_8.x86_64
Installing libjpeg-6b-37.x86_64
Installing cyrus-sasl-lib-2.1.22-7.el5_8.1.x86_64
Installing 2:libpng-1.2.10-17.el5_8.x86_64
Installing db4-4.3.29-10.el5_5.2.x86_64
Installing bzip2-libs-1.0.3-6.el5_5.x86_64
Installing tcp_wrappers-7.6-40.7.el5.x86_64
Installing elfutils-libelf-0.137-3.el5.x86_64
Installing libusb-0.1.12-6.el5.x86_64
Installing libattr-2.4.32-1.1.x86_64
Installing libacl-2.2.39-8.el5.x86_64
Installing libtermcap-2.0.8-46.1.x86_64
Installing bash-3.2-32.el5.x86_64
Installing info-4.8-14.el5.x86_64
Installing libxml2-2.6.26-2.1.15.el5_8.5.x86_64
Installing ncurses-5.5-24.20060715.x86_64
Installing nss-3.13.5-8.el5.x86_64
Installing sed-4.1.5-8.el5.x86_64
Installing freetype-2.2.1-31.el5_8.1.x86_64
Installing gawk-3.1.5-16.el5.x86_64
Installing libsepol-1.15.2-3.el5.x86_64
Installing readline-5.1-3.el5.x86_64
Installing sqlite-3.3.6-6.x86_64
Installing binutils-2.17.50.0.6-20.el5_8.3.x86_64
Installing libXau-1.0.1-3.1.x86_64
Installing libcap-1.10-26.x86_64
Installing diffutils-2.8.1-16.el5.x86_64
Installing libtiff-3.8.2-15.el5_8.x86_64
Installing 1:pkgconfig-0.21-2.el5.x86_64
Installing procps-3.2.7-22.el5.x86_64
Installing cpio-2.6-25.el5.x86_64
Installing 1:make-3.81-3.el5.x86_64
Installing desktop-file-utils-0.10-7.x86_64
Installing gdbm-1.8.0-28.el5.x86_64
Installing 4:perl-5.8.8-38.el5_8.x86_64
Installing m4-1.4.5-3.el5.1.x86_64
Installing iproute-2.6.18-15.el5.x86_64
Installing tcl-8.4.13-6.el5.x86_64
Installing libfontenc-1.0.2-2.2.el5.x86_64
Installing libXfont-1.2.2-1.0.4.el5_7.x86_64
Installing libgpg-error-1.4-2.x86_64
Installing libgcrypt-1.4.4-5.el5_8.2.x86_64
Installing gnutls-1.4.1-10.el5.x86_64
Installing keyutils-libs-1.2-1.el5.x86_64
Installing unixODBC-libs-2.2.11-10.el5.x86_64
Installing 1:dmidecode-2.11-1.el5.x86_64
Installing libxslt-1.1.17-4.el5_8.3.x86_64
Installing libidn-0.6.5-1.1.x86_64
Installing bzip2-1.0.3-6.el5_5.x86_64
Installing gamin-0.1.7-10.el5.x86_64
Installing iptables-1.3.5-9.2.el5_8.x86_64
Installing file-4.17-28.x86_64
Installing pcsc-lite-libs-1.4.4-4.el5_5.x86_64
Installing libXdmcp-1.0.1-2.1.x86_64
Installing libdaemon-0.10-5.el5.x86_64
Installing libsysfs-2.1.0-1.el5.x86_64
Installing unixODBC-2.2.11-10.el5.x86_64
Installing lcms-1.18-0.1.beta1.el5_3.2.x86_64
Installing 2:vim-common-7.0.109-7.2.el5.x86_64
Installing hmaccalc-0.9.6-4.el5.x86_64
Installing nss-tools-3.13.5-8.el5.x86_64
Installing less-436-9.el5.x86_64
Installing gzip-1.3.5-13.el5.x86_64
Installing shared-mime-info-0.19-5.el5.x86_64
Installing ed-0.2-39.el5_2.x86_64
Installing libgomp-4.4.7-1.el5.x86_64
Installing cpp-4.1.2-54.el5.x86_64
Installing time-1.7-27.2.2.x86_64
Installing gpm-1.20.1-74.1.x86_64
Installing unzip-5.52-3.el5.x86_64
Installing 1:audiofile-0.2.6-5.x86_64
Installing pcre-6.6-6.el5_6.1.x86_64
Installing grep-2.5.1-55.el5.x86_64
Installing bc-1.06-21.x86_64
Installing libIDL-0.8.7-1.fc6.x86_64
Installing ORBit2-2.14.3-5.el5.x86_64
Installing gstreamer-tools-0.10.20-3.el5.x86_64
Installing slang-2.0.6-4.el5.x86_64
Installing mailx-8.1.1-44.2.2.x86_64
Installing libvolume_id-095-14.29.el5.x86_64
Installing libaio-0.3.106-5.x86_64
Installing pax-3.4-2.el5.x86_64
Installing hesiod-3.1.0-8.x86_64
Installing libmng-1.0.9-5.1.x86_64
Installing lm_sensors-2.10.7-9.el5.x86_64
Installing iptables-ipv6-1.3.5-9.2.el5_8.x86_64
Installing virt-what-1.11-2.el5.x86_64
Installing libsoup-2.2.98-2.el5_3.1.x86_64
Installing 12:aspell-0.60.3-12.x86_64
Installing imake-1.0.2-3.x86_64
Installing perl-String-CRC32-1.4-2.fc6.x86_64
Installing ttmkfdir-3.0.9-23.el5.x86_64
Installing svrcore-4.0.4-3.el5.x86_64
Installing libcroco-0.6.1-2.1.x86_64
Installing groff-1.18.1.1-13.el5.x86_64
Installing iputils-20020927-46.el5.x86_64
Installing procmail-3.22-17.1.x86_64
Installing elfutils-libs-0.137-3.el5.x86_64
Installing elfutils-0.137-3.el5.x86_64
Installing gmp-4.1.4-10.el5.x86_64
Installing xz-libs-4.999.9-0.3.beta.20091007git.el5.x86_64
Installing xz-4.999.9-0.3.beta.20091007git.el5.x86_64
Installing mingetty-1.07-5.2.2.x86_64
Installing ethtool-6-4.el5.x86_64
Installing libexif-0.6.21-1.el5_8.x86_64
Installing sgpio-1.2.0_10-2.el5.x86_64
Installing libevent-1.4.13-1.x86_64
Installing dosfstools-2.11-9.el5.x86_64
Installing libnl-1.0-0.10.pre5.5.x86_64
Installing libFS-1.0.0-3.1.x86_64
Installing libdrm-2.0.2-1.1.x86_64
Installing bluez-libs-3.7-1.1.x86_64
Installing libgfortran-4.1.2-54.el5.x86_64
Installing zip-2.31-2.el5.x86_64
Installing 1:wireless-tools-28-2.el5.x86_64
Installing checkpolicy-1.33.1-6.el5.x86_64
Installing redhat-menus-6.7.8-3.el5.noarch
Installing redhat-logos-4.9.16-1.noarch
Installing xorg-x11-filesystem-7.1-2.fc6.noarch
Installing libX11-1.0.3-11.el5_7.1.x86_64
Installing libXext-1.0.1-2.1.x86_64
Installing libXrender-0.9.1-3.1.x86_64
Installing libXt-1.0.2-3.2.el5.x86_64
Installing startup-notification-0.8-4.1.x86_64
Installing libXmu-1.0.2-5.x86_64
Installing libXrandr-1.1.1-3.3.x86_64
Installing libXpm-3.5.5-3.x86_64
Installing 1:xorg-x11-font-utils-7.1-3.x86_64
Installing libXaw-1.0.2-8.1.x86_64
Installing 1:xorg-x11-xauth-1.0.1-2.1.x86_64
Installing libXtst-1.0.1-3.1.x86_64
Installing libXinerama-1.0.1-2.1.x86_64
Installing libXi-1.0.1-4.el5_4.x86_64
Installing libXxf86vm-1.0.1-3.1.x86_64
Installing libXfixes-4.0.1-2.1.x86_64
Installing libXcursor-1.1.7-1.2.x86_64
Installing perl-URI-1.35-3.noarch
Installing glibc-headers-2.5-107.x86_64
Installing glibc-devel-2.5-107.x86_64
Installing crontabs-1.10-11.el5.noarch
Installing bitstream-vera-fonts-1.10-7.noarch
Installing compat-gcc-34-3.4.6-4.1.x86_64
Installing libXTrap-1.0.0-3.1.x86_64
Installing libXres-1.0.1-3.1.x86_64
Installing libXfontcache-1.0.2-3.1.x86_64
Installing libXp-1.0.0-8.1.el5.x86_64
Installing libXevie-1.0.1-3.1.x86_64
Installing libXxf86misc-1.0.1-3.1.x86_64
Installing xorg-x11-server-utils-7.1-5.el5_6.2.x86_64
Installing libxkbfile-1.0.3-3.1.x86_64
Installing perl-Convert-ASN1-0.20-1.1.noarch
Installing redhat-release-5Server-5.9.0.2.x86_64
Installing rmt-0.4b41-6.el5.x86_64
Installing libxklavier-3.0-3.el5.x86_64
Installing anacron-2.3-45.el5.x86_64
Installing 1:xorg-x11-twm-1.0.1-3.1.x86_64
Installing libXScrnSaver-1.1.0-3.1.x86_64
Installing mozldap-6.0.5-2.el5.x86_64
Installing lftp-3.7.11-8.el5.x86_64
Installing sysfsutils-2.1.0-1.el5.x86_64
Installing iptstate-1.4-2.el5.x86_64
Installing jwhois-3.2.3-12.el5.x86_64
Installing expect-5.43.0-8.el5.x86_64
Installing bison-2.3-2.1.x86_64
Installing numactl-0.9.8-12.el5_6.x86_64
Installing 1:valgrind-3.5.0-5.el5.x86_64
Installing patchutils-0.2.31-2.2.2.x86_64
Installing fbset-2.1-22.x86_64
Installing crash-5.1.8-1.el5.x86_64
Installing ftp-0.17-38.el5.x86_64
Installing udftools-1.0.0b3-0.1.el5.x86_64
Installing nano-1.3.12-1.1.x86_64
Installing talk-0.17-31.el5.x86_64
Installing 2:mtr-0.71-3.1.x86_64
Installing 1:telnet-0.17-41.el5.x86_64
Installing cscope-15.5-20.el5.x86_64
Installing texinfo-4.8-14.el5.x86_64
Installing indent-2.2.9-14.fc6.x86_64
Installing mgetty-1.1.33-9.fc6.x86_64
Installing nc-1.84-10.fc6.x86_64
Installing dev86-0.16.17-2.2.x86_64
Installing scl-utils-20120927-2.el5.x86_64
Installing 1:cpuspeed-1.2.1-10.el5.x86_64
Installing 1:mcelog-0.9pre-1.32.el5.x86_64
Installing acl-2.2.39-8.el5.x86_64
Installing rsync-3.0.6-4.el5_7.1.x86_64
Installing attr-2.4.32-1.1.x86_64
Installing ltrace-0.5-13.45svn.el5_7.12.x86_64
Installing cyrus-sasl-plain-2.1.22-7.el5_8.1.x86_64
Installing swig-1.3.29-2.el5.x86_64
Installing compat-db-4.2.52-5.1.x86_64
Installing 1:doxygen-1.4.7-2.x86_64
Installing finger-0.17-33.x86_64
Installing rcs-5.7-30.1.x86_64
Installing eject-2.1.5-4.2.el5.x86_64
Installing flex-2.5.4a-41.fc6.x86_64
Installing 1:rdist-6.1.5-44.x86_64
Installing ctags-5.6-1.1.x86_64
Installing diffstat-1.41-1.2.3.el5.x86_64
Installing dos2unix-3.1-27.2.el5.x86_64
Installing unix2dos-2.2-26.2.3.el5.x86_64
Installing 3:traceroute-2.0.1-6.el5.x86_64
Installing strace-4.5.18-18.el5.x86_64
Installing symlinks-1.2-26.el5.x86_64
Installing rsh-0.17-40.el5_7.1.x86_64
Installing hdparm-6.6-2.x86_64
Installing vconfig-1.9-3.x86_64
Installing pam_passwdqc-1.0.2-1.2.2.x86_64
Installing rdate-1.4-8.el5.x86_64
Installing compat-libstdc++-33-3.2.3-61.x86_64
Installing byacc-1.9-29.2.2.x86_64
Installing splint-3.1.1-16.el5.x86_64
Installing setarch-2.0-1.1.x86_64
Installing setserial-2.17-19.2.2.x86_64
Installing pam_smb-1.1.7-7.2.1.x86_64
Installing tree-1.5.0-4.x86_64
Installing dump-0.4b41-6.el5.x86_64
Installing grub-0.97-13.10.el5.x86_64
Installing 50:aspell-en-6.0-3.x86_64
Installing libaio-devel-0.3.106-5.x86_64
Installing unixODBC-devel-2.2.11-10.el5.x86_64
Installing automake16-1.6.3-8.el5.1.noarch
Installing redhat-rpm-config-8.0.45-32.el5.noarch
Installing automake15-1.5-16.el5.2.noarch
Installing automake14-1.4p6-13.el5.1.noarch
Installing hsc-firstboot-2.0-0.noarch
warning: hsc-firstboot-2.0-0: Header V3 DSA signature: NOKEY, key ID afa80b83
Installing libstdc++-devel-4.1.2-54.el5.x86_64
Installing specspo-13-4.el5.noarch
Installing redhat-release-notes-5Server-46.x86_64
Installing compat-libgcc-296-2.96-138.i386
Installing rootfiles-8.1-1.1.1.noarch
Installing words-3.0-9.1.noarch
Installing man-pages-2.39-20.el5.noarch
Installing glibc-2.5-107.i686
Installing glib2-2.12.3-4.el5_3.1.i386
Installing zlib-1.2.3-7.el5.i386
Installing libxml2-2.6.26-2.1.15.el5_8.5.i386
Installing atk-1.12.2-1.fc6.i386
Installing libICE-1.0.1-2.1.i386
Installing libgcc-4.1.2-54.el5.i386
Installing libSM-1.0.1-3.1.i386
Installing libstdc++-4.1.2-54.el5.i386
Installing popt-1.10.2.3-31.el5.i386
Installing expat-1.95.8-11.el5_8.i386
Installing libjpeg-6b-37.i386
Installing nspr-4.9.1-6.el5.i386
Installing libart_lgpl-2.3.17-4.i386
Installing nss-3.13.5-8.el5.i386
Installing 2:libpng-1.2.10-17.el5_8.i386
Installing freetype-2.2.1-31.el5_8.1.i386
Installing ncurses-5.5-24.20060715.i386
Installing db4-4.3.29-10.el5_5.2.i386
Installing libXau-1.0.1-3.1.i386
Installing libsepol-1.15.2-3.el5.i386
Installing libtiff-3.8.2-15.el5_8.i386
Installing libgpg-error-1.4-2.i386
Installing readline-5.1-3.el5.i386
Installing cyrus-sasl-lib-2.1.22-7.el5_8.1.i386
Installing libgcrypt-1.4.4-5.el5_8.2.i386
Installing gnutls-1.4.1-10.el5.i386
Installing gamin-0.1.7-10.el5.i386
Installing unixODBC-libs-2.2.11-10.el5.i386
Installing keyutils-libs-1.2-1.el5.i386
Installing 1:audiofile-0.2.6-5.i386
Installing bzip2-libs-1.0.3-6.el5_5.i386
Installing libdaemon-0.10-5.el5.i386
Installing libattr-2.4.32-1.1.i386
Installing libcap-1.10-26.i386
Installing libacl-2.2.39-8.el5.i386
Installing libsoup-2.2.98-2.el5_3.1.i386
Installing sqlite-3.3.6-6.i386
Installing libusb-0.1.12-6.el5.i386
Installing libIDL-0.8.7-1.fc6.i386
Installing ORBit2-2.14.3-5.el5.i386
Installing libgomp-4.4.7-1.el5.i386
Installing tcl-8.4.13-6.el5.i386
Installing libdrm-2.0.2-1.1.i386
Installing libXdmcp-1.0.1-2.1.i386
Installing libX11-1.0.3-11.el5_7.1.i386
Installing libXext-1.0.1-2.1.i386
Installing libXrender-0.9.1-3.1.i386
Installing startup-notification-0.8-4.1.i386
Installing libXt-1.0.2-3.2.el5.i386
Installing libXrandr-1.1.1-3.3.i386
Installing libXinerama-1.0.1-2.1.i386
Installing libXfixes-4.0.1-2.1.i386
Installing libXcursor-1.1.7-1.2.i386
Installing libXmu-1.0.2-5.i386
Installing libXi-1.0.1-4.el5_4.i386
Installing libXres-1.0.1-3.1.i386
Installing libXp-1.0.0-8.1.el5.i386
Installing libXxf86vm-1.0.1-3.1.i386
Installing libxkbfile-1.0.3-3.1.i386
Installing libidn-0.6.5-1.1.i386
Installing libvolume_id-095-14.29.el5.i386
Installing libaio-0.3.106-5.i386
Installing elfutils-libelf-0.137-3.el5.i386
Installing audit-libs-1.8-2.el5.i386
Installing libxklavier-3.0-3.el5.i386
Installing libXScrnSaver-1.1.0-3.1.i386
Installing libXxf86misc-1.0.1-3.1.i386
Installing libXtst-1.0.1-3.1.i386
Installing expect-5.43.0-8.el5.i386
Installing unixODBC-2.2.11-10.el5.i386
Installing 12:aspell-0.60.3-12.i386
Installing svrcore-4.0.4-3.el5.i386
Installing compat-db-4.2.52-5.1.i386
Installing compat-libstdc++-296-2.96-138.i386
Installing compat-libstdc++-33-3.2.3-61.i386
Installing libcroco-0.6.1-2.1.i386
Installing libexif-0.6.21-1.el5_8.i386
Installing pam_smb-1.1.7-7.2.1.i386
Installing libtermcap-2.0.8-46.1.i386
Installing 1:wireless-tools-28-2.el5.i386
Installing gpm-1.20.1-74.1.i386
Installing pam_passwdqc-1.0.2-1.2.2.i386
Installing 1:valgrind-3.5.0-5.el5.i386
Installing gdbm-1.8.0-28.el5.i386
Installing tcp_wrappers-7.6-40.7.el5.i386
Installing numactl-0.9.8-12.el5_6.i386
Installing cyrus-sasl-plain-2.1.22-7.el5_8.1.i386
Installing gcc-4.1.2-54.el5.x86_64
Installing gcc-gfortran-4.1.2-54.el5.x86_64
Installing compat-gcc-34-c++-3.4.6-4.1.x86_64
Installing libstdc++-devel-4.1.2-54.el5.i386
Installing gcc-c++-4.1.2-54.el5.x86_64
Installing libaio-devel-0.3.106-5.i386
Installing unixODBC-devel-2.2.11-10.el5.i386
Installing glibc-devel-2.5-107.i386
Installing libselinux-1.33.4-5.7.el5.x86_64
Installing 2:shadow-utils-4.0.17-21.el5.x86_64
Installing device-mapper-1.02.67-2.el5.x86_64
Installing e2fsprogs-libs-1.39-35.el5.x86_64
Installing 1:findutils-4.2.27-6.el5.x86_64
Installing coreutils-5.97-34.el5_8.1.x86_64
Installing krb5-libs-1.6.1-70.el5.x86_64
Installing openssl-0.9.8e-22.el5_8.4.x86_64
Installing fontconfig-2.4.1-7.el5.x86_64
Installing cairo-1.2.4-5.el5.x86_64
Installing openldap-2.3.43-25.el5_8.1.x86_64
Installing libXft-2.1.10-1.1.x86_64
Installing pango-1.14.9-8.el5_7.3.x86_64
Installing 1:cups-libs-1.3.7-30.el5.x86_64
Installing libutempter-1.1.4-4.el5.x86_64
Installing psmisc-22.2-11.x86_64
Installing 2:tar-1.15.1-32.el5_8.x86_64
Installing logrotate-3.7.4-14.x86_64
Installing kpartx-0.4.7-54.el5.x86_64
Installing 1:net-snmp-libs-5.3.2.2-20.el5.x86_64
Installing e2fsprogs-1.39-35.el5.x86_64
Installing net-tools-1.60-82.el5.x86_64
Installing patch-2.5.4-31.el5.x86_64
Installing libsmbclient-3.0.33-3.39.el5_8.x86_64
Installing gd-2.0.33-9.4.el5_4.2.x86_64
Installing neon-0.25.5-10.el5_4.1.x86_64
Installing libgssapi-0.10-2.x86_64
Installing nscd-2.5-107.x86_64
Installing alsa-lib-1.0.17-1.el5.x86_64
Installing 1:esound-0.2.36-4.x86_64
Installing cryptsetup-luks-1.0.3-8.el5.x86_64
Installing apr-1.2.7-11.el5_6.5.x86_64
Installing device-mapper-multipath-0.4.7-54.el5.x86_64
Installing libselinux-utils-1.33.4-5.7.el5.x86_64
Installing 2:vim-minimal-7.0.109-7.2.el5.x86_64
Installing 14:libpcap-0.9.4-15.el5.x86_64
Installing wget-1.11.4-3.el5_8.2.x86_64
Installing OpenIPMI-libs-2.0.16-16.el5.x86_64
Installing curl-7.15.5-15.el5.x86_64
Installing gnupg-1.4.5-14.el5_5.1.x86_64
Installing postgresql-libs-8.1.23-6.el5_8.x86_64
Installing apr-util-1.2.7-11.el5_5.2.x86_64
Installing 30:bind-libs-9.3.6-20.P1.el5_8.5.x86_64
Installing audit-1.8-2.el5.x86_64
Installing xorg-x11-xinit-1.0.2-15.el5.x86_64
Installing tcsh-6.14-17.el5_5.2.x86_64
Installing mtools-3.9.10-2.fc6.x86_64
Installing syslinux-4.02-7.2.el5.x86_64
Installing device-mapper-event-1.02.67-2.el5.x86_64
Installing lvm2-2.02.88-10.el5.x86_64
Installing MAKEDEV-3.23-1.2.x86_64
Installing mesa-libGL-6.5.1-7.10.el5.x86_64
Installing hicolor-icon-theme-0.9-2.1.noarch
Installing gtk2-2.10.4-29.el5.x86_64
Installing GConf2-2.14.0-9.el5.x86_64
Installing libglade2-2.6.0-2.x86_64
Installing libgnomecanvas-2.14.0-4.1.x86_64
Installing gnome-keyring-0.6.0-1.fc6.x86_64
Installing gail-1.9.2-3.el5.x86_64
Installing libwnck-2.16.0-4.fc6.x86_64
Installing sgml-common-0.6.3-18.noarch
Installing autoconf-2.59-12.noarch
Installing gtk2-engines-2.8.0-3.el5.x86_64
Installing redhat-artwork-5.0.9-2.el5.x86_64
Installing opensp-1.5.2-4.x86_64
Installing openjade-1.3.2-27.x86_64
Installing libwmf-0.2.8.4-10.2.x86_64
Installing 2:gimp-libs-2.2.13-2.0.10.el5.x86_64
Installing automake-1.9.6-2.3.el5.noarch
Installing bitmap-fonts-0.3-5.1.1.noarch
Installing xml-common-0.6.3-18.noarch
Installing docbook-dtds-1.0-30.1.noarch
Installing scrollkeeper-0.3.14-9.el5.x86_64
Installing kernel-devel-2.6.18-348.el5.x86_64
Installing elfutils-libelf-devel-0.137-3.el5.x86_64
Installing elfutils-libelf-devel-static-0.137-3.el5.x86_64
Installing elfutils-libelf-devel-0.137-3.el5.i386
Installing elfutils-libelf-devel-static-0.137-3.el5.i386
Installing metacity-2.16.0-16.el5.x86_64
Installing mesa-libGLU-6.5.1-7.10.el5.x86_64
Installing amtu-1.0.6-2.el5.x86_64
Installing 30:bind-utils-9.3.6-20.P1.el5_8.5.x86_64
Installing OpenIPMI-2.0.16-16.el5.x86_64
Installing conman-0.1.9.2-8.el5.x86_64
Installing tmpwatch-2.9.7-1.1.el5.5.x86_64
Installing xterm-215-8.el5_4.1.x86_64
Installing openmotif-2.3.1-6.1.el5_8.x86_64
Installing 1:autofs-5.0.1-0.rc2.177.el5.x86_64
Installing 14:tcpdump-3.9.4-15.el5.x86_64
Installing stunnel-4.15-2.el5.1.x86_64
Installing 2:nmap-4.11-2.x86_64
Installing pkinit-nss-0.7.6-1.el5.x86_64
Installing psacct-6.3.2-44.el5.x86_64
Installing ksh-20100621-12.el5.x86_64
Installing parted-1.8.1-30.el5.x86_64
Installing mlocate-0.15-1.el5.2.x86_64
Installing lsof-4.78-6.x86_64
Installing nss_db-2.2-35.4.el5_5.x86_64
Installing 2:vim-enhanced-7.0.109-7.2.el5.x86_64
Installing fontconfig-2.4.1-7.el5.i386
Installing cairo-1.2.4-5.el5.i386
Installing libXft-2.1.10-1.1.i386
Installing pango-1.14.9-8.el5_7.3.i386
Installing alsa-lib-1.0.17-1.el5.i386
Installing 1:esound-0.2.36-4.i386
Installing openmotif-2.3.1-6.1.el5_8.i386
Installing redhat-artwork-5.0.9-2.el5.i386
Installing libutempter-1.1.4-4.el5.i386
Installing libtool-1.5.22-7.el5_4.x86_64
Installing automake17-1.7.9-7.el5.2.noarch
Installing gnome-icon-theme-2.16.0.1-4.el5.noarch
Installing ntp-4.2.2p1-15.el5_7.1.x86_64
Installing logwatch-7.3-10.el5.noarch
Installing python-2.4.3-56.el5.x86_64
Installing dbus-libs-1.1.2-16.el5_7.x86_64
Installing dbus-glib-0.73-10.el5_5.x86_64
Installing libbonobo-2.16.0-1.1.el5_5.1.x86_64
Installing dbus-1.1.2-16.el5_7.x86_64
Installing rpm-4.4.2.3-31.el5.x86_64
Installing python-libs-2.4.3-56.el5.x86_64
Installing newt-0.52.2-15.el5.x86_64
Installing rpm-libs-4.4.2.3-31.el5.x86_64
Installing rpm-python-4.4.2.3-31.el5.x86_64
Installing rhpl-0.194.1-2.x86_64
Installing libxml2-python-2.6.26-2.1.15.el5_8.5.x86_64
Installing dbus-python-0.70-9.el5_4.x86_64
Installing pygobject2-2.12.1-5.el5.x86_64
Installing fipscheck-lib-1.2.0-1.el5.x86_64
Installing man-1.6d-3.el5.x86_64
Installing gettext-0.17-1.el5.x86_64
Installing m2crypto-0.16-9.el5.x86_64
Installing PyXML-0.8.4-6.el5.x86_64
Installing gnome-menus-2.16.0-2.fc6.x86_64
Installing dmraid-1.0.0.rc13-65.el5.x86_64
Installing python-dmidecode-3.10.13-1.el5_5.1.x86_64
Installing libsemanage-1.9.1-4.4.el5.x86_64
Installing 1:wpa_supplicant-0.5.10-9.el5.x86_64
Installing python-hashlib-20081119-6.el5.x86_64
Installing python-simplejson-2.0.9-8.el5.x86_64
Installing cracklib-2.8.9-3.3.x86_64
Installing pam-0.99.6.2-12.el5.x86_64
Installing udev-095-14.29.el5.x86_64
Installing util-linux-2.13-0.59.el5_8.x86_64
Installing which-2.16-7.x86_64
Installing SysVinit-2.86-17.el5.x86_64
Installing initscripts-8.45.42-1.el5_8.1.x86_64
Installing avahi-0.6.16-10.el5_6.x86_64
Installing pcsc-lite-1.4.4-4.el5_5.x86_64
Installing ccid-1.3.8-1.el5.x86_64
Installing ppp-2.4.4-2.el5.x86_64
Installing ifd-egate-0.05-17.el5.x86_64
Installing mcstrans-0.2.11-3.el5.x86_64
Installing openssh-4.3p2-82.el5.x86_64
Installing dnsmasq-2.45-1.1.el5_3.x86_64
Installing portmap-4.0-65.2.2.1.x86_64
Installing 12:dhclient-3.0.5-31.el5_8.1.x86_64
Installing samba-common-3.0.33-3.39.el5_8.x86_64
Installing libuser-0.54.7-3.el5.x86_64
Installing passwd-0.73-2.x86_64
Installing usermode-1.88-3.el5.2.x86_64
Installing at-3.1.8-84.el5.x86_64
Installing libselinux-python-1.33.4-5.7.el5.x86_64
Installing iscsi-initiator-utils-6.2.0.872-16.el5.x86_64
Installing authconfig-5.3.21-7.el5.x86_64
Installing kbd-1.12-22.el5.x86_64
Installing samba-3.0.33-3.39.el5_8.x86_64
Installing 3:ypbind-1.19-12.el5_6.1.x86_64
Installing openssh-clients-4.3p2-82.el5.x86_64
Installing avahi-glib-0.6.16-10.el5_6.x86_64
Installing cyrus-sasl-2.1.22-7.el5_8.1.x86_64
Installing sendmail-8.13.8-8.1.el5_7.x86_64
Installing foomatic-3.0.2-38.3.el5_7.1.x86_64
Installing system-config-printer-libs-0.7.32.10-3.el5.x86_64
Installing vte-0.14.0-2.el5.x86_64
Installing sysklogd-1.4.1-46.el5.x86_64
Installing 4:vixie-cron-4.1-81.el5.x86_64
Installing 1:net-snmp-5.3.2.2-20.el5.x86_64
Installing ntsysv-1.3.30.2-2.el5.x86_64
Installing system-config-securitylevel-tui-1.6.29.1-6.el5.x86_64
Installing gamin-python-0.1.7-10.el5.x86_64
Installing gdb-7.0.1-45.el5.x86_64
Installing at-spi-1.7.11-3.el5.x86_64
Installing pyspi-0.6.1-1.el5.x86_64
Installing notification-daemon-0.3.5-9.el5.x86_64
Installing libnotify-0.4.2-6.el5.x86_64
Installing bluez-gnome-0.5-5.fc6.x86_64
Installing pycairo-1.2.0-1.1.x86_64
Installing audit-libs-python-1.8-2.el5.x86_64
Installing policycoreutils-1.33.12-14.8.el5.x86_64
Installing python-ethtool-0.6-5.el5.x86_64
Installing python-sqlite-1.1.7-1.2.1.x86_64
Installing pyOpenSSL-0.6-2.el5.x86_64
Installing pyorbit-2.14.1-3.el5.x86_64
Installing python-numeric-23.7-2.2.2.el5_6.1.x86_64
Installing pygtk2-2.10.1-12.el5.x86_64
Installing pygtk2-libglade-2.10.1-12.el5.x86_64
Installing yum-metadata-parser-1.1.2-4.el5.x86_64
Installing python-elementtree-1.2.6-5.x86_64
Installing fipscheck-1.2.0-1.el5.x86_64
Installing dmraid-events-1.0.0.rc13-65.el5.x86_64
Installing sudo-1.7.2p1-22.el5.x86_64
Installing setools-3.0-3.el5.x86_64
Installing bluez-utils-3.7-2.2.x86_64
Installing 1:net-snmp-utils-5.3.2.2-20.el5.x86_64
Installing sysstat-7.0.2-12.el5.x86_64
Installing 5:mutt-1.4.2.2-6.el5.x86_64
Installing mdadm-2.6.9-5.el5.x86_64
Installing yp-tools-2.9-2.el5.x86_64
Installing setuptool-1.19.2-1.x86_64
Installing samba-client-3.0.33-3.39.el5_8.x86_64
Installing openssh-server-4.3p2-82.el5.x86_64
Installing coolkey-1.1.0-15.el5.x86_64
Installing rp-pppoe-3.5-33.el5.x86_64
Installing acpid-1.0.4-12.el5.x86_64
Installing ipsec-tools-0.6.5-14.el5_8.5.x86_64
Installing 1:rng-utils-2.0-5.el5.x86_64
Installing 2:irqbalance-0.55-15.el5.x86_64
Installing 1:smartmontools-5.42-2.el5.x86_64
Installing 2:microcode_ctl-1.17-3.el5.x86_64
Installing 1:quota-3.13-8.el5.x86_64
Installing dhcpv6-client-1.0.10-20.el5.x86_64
Installing gstreamer-0.10.20-3.el5.x86_64
Installing oprofile-0.9.4-20.el5.x86_64
Installing krb5-workstation-1.6.1-70.el5.x86_64
Installing prelink-0.4.0-2.el5.x86_64
Installing screen-4.0.3-4.el5.x86_64
Installing pam_pkcs11-0.5.3-26.el5.x86_64
Installing nss_ldap-253-51.el5.x86_64
Installing pam_krb5-2.2.14-22.el5.x86_64
Installing cvs-1.11.22-11.el5_8.1.x86_64
Installing pam_ccreds-3-5.x86_64
Installing rpm-build-4.4.2.3-31.el5.x86_64
Installing 2:vim-X11-7.0.109-7.2.el5.x86_64
Installing subversion-1.6.11-10.el5_8.x86_64
Installing libhugetlbfs-1.3-8.2.el5.x86_64
Installing python-ldap-2.2.0-2.1.x86_64
Installing 1:readahead-1.3-8.el5.x86_64
Installing libselinux-1.33.4-5.7.el5.i386
Installing dbus-libs-1.1.2-16.el5_7.i386
Installing dbus-glib-0.73-10.el5_5.i386
Installing libbonobo-2.16.0-1.1.el5_5.1.i386
Installing device-mapper-1.02.67-2.el5.i386
Installing e2fsprogs-libs-1.39-35.el5.i386
Installing krb5-libs-1.6.1-70.el5.i386
Installing openssl-0.9.8e-22.el5_8.4.i686
Installing openldap-2.3.43-25.el5_8.1.i386
Installing 1:cups-libs-1.3.7-30.el5.i386
Installing gtk2-2.10.4-29.el5.i386
Installing GConf2-2.14.0-9.el5.i386
Installing libglade2-2.6.0-2.i386
Installing libgnomecanvas-2.14.0-4.1.i386
Installing gnome-keyring-0.6.0-1.fc6.i386
Installing apr-1.2.7-11.el5_6.5.i386
Installing avahi-0.6.16-10.el5_6.i386
Installing gnome-menus-2.16.0-2.fc6.i386
Installing avahi-glib-0.6.16-10.el5_6.i386
Installing gail-1.9.2-3.el5.i386
Installing libwnck-2.16.0-4.fc6.i386
Installing neon-0.25.5-10.el5_4.1.i386
Installing postgresql-libs-8.1.23-6.el5_8.i386
Installing apr-util-1.2.7-11.el5_5.2.i386
Installing mesa-libGL-6.5.1-7.10.el5.i386
Installing cracklib-2.8.9-3.3.i386
Installing pam-0.99.6.2-12.el5.i386
Installing samba-common-3.0.33-3.39.el5_8.i386
Installing pam_pkcs11-0.5.3-26.el5.i386
Installing pam_ccreds-3-5.i386
Installing pam_krb5-2.2.14-22.el5.i386
Installing nss_ldap-253-51.el5.i386
Installing mesa-libGLU-6.5.1-7.10.el5.i386
Installing subversion-1.6.11-10.el5_8.i386
Installing metacity-2.16.0-16.el5.i386
Installing 2:gimp-libs-2.2.13-2.0.10.el5.i386
Installing libwmf-0.2.8.4-10.2.i386
Installing gtk2-engines-2.8.0-3.el5.i386
Installing curl-7.15.5-15.el5.i386
Installing parted-1.8.1-30.el5.i386
Installing cryptsetup-luks-1.0.3-8.el5.i386
Installing nss_db-2.2-35.4.el5_5.i386
Installing coolkey-1.1.0-15.el5.i386
Installing gstreamer-0.10.20-3.el5.i386
Installing gettext-0.17-1.el5.i386
Installing libhugetlbfs-1.3-8.2.el5.i386
Installing rhnlib-2.5.22-7.el5.noarch
Installing python-iniparse-0.2.3-6.el5.noarch
Installing htmlview-4.0.0-2.el5.noarch
Installing python-rhsm-1.0.10-1.el5.x86_64
Installing selinux-policy-2.4.6-338.el5.noarch
Installing 2:xinetd-2.3.14-17.el5.x86_64
Installing spacewalk-backend-libs-1.2.13-52.el5sat.noarch
Installing python-urlgrabber-3.1.0-6.el5.noarch
Installing yum-3.2.22-40.el5.noarch
Installing jabberpy-0.5-0.21.el5sat.noarch
Installing subscription-manager-1.0.24-1.el5.x86_64
Installing samba-swat-3.0.33-3.39.el5_8.x86_64
Installing pinfo-0.6.9-1.fc6.x86_64
Installing osad-5.10.41-4.el5sat.noarch
Installing 1:yum-updatesd-0.9-5.el5.noarch
Installing yum-security-1.1.16-21.el5.noarch
Installing yum-utils-1.1.16-21.el5.noarch
Installing selinux-policy-targeted-2.4.6-338.el5.noarch
Installing Deployment_Guide-en-US-5.8-1.el5.noarch
Installing redhat-lsb-4.0-2.1.4.el5.i386
Installing system-config-printer-0.7.32.10-3.el5.x86_64
Installing pstack-1.2-7.2.2.x86_64
Installing redhat-lsb-4.0-2.1.4.el5.x86_64
Installing man-pages-overrides-5.9.2-2.el5.noarch
Installing sos-1.7-9.62.el5.noarch
Installing rhel-instnum-1.0.9-1.el5.noarch
Installing chkfontpath-1.10.1-1.1.x86_64
Installing mkinitrd-5.1.19.6-79.el5.x86_64
Installing module-init-tools-3.3-0.pre3.1.60.el5_5.1.x86_64
Installing 1:xorg-x11-xfs-1.0.2-5.el5_6.1.x86_64
Installing kernel-2.6.18-348.el5.x86_64
Installing hwdata-0.213.28-1.el5.noarch
Installing pciutils-3.1.7-5.el5.x86_64
Installing systemtap-devel-1.8-6.el5.x86_64
Installing xorg-x11-fonts-base-7.1-2.1.el5.noarch
Installing urw-fonts-2.3-6.1.1.noarch
Installing ghostscript-8.70-14.el5_8.1.x86_64
Installing gimp-print-4.2.7-22.2.el5.x86_64
Installing xorg-x11-server-Xvfb-1.1.1-48.100.el5.x86_64
Installing vnc-server-4.1.2-14.el5_6.6.x86_64
Installing usbutils-0.71-2.1.x86_64
Installing pcmciautils-014-5.x86_64
Installing irda-utils-0.9.17-2.fc6.x86_64
Installing systemtap-runtime-1.8-6.el5.x86_64
Installing systemtap-client-1.8-6.el5.x86_64
Installing systemtap-1.8-6.el5.x86_64
Installing ghostscript-fonts-5.50-13.1.1.noarch
Installing mkbootdisk-1.5.3-2.1.x86_64
Installing ghostscript-8.70-14.el5_8.1.i386
Installing gimp-print-4.2.7-22.2.el5.i386
Installing mkinitrd-5.1.19.6-79.el5.i386
Installing libgnome-2.16.0-6.el5.x86_64
Installing hal-0.5.8.1-64.el5.x86_64
Installing gnome-vfs2-2.16.2-10.el5.x86_64
Installing libbonoboui-2.16.0-1.fc6.x86_64
Installing libgnomeui-2.16.0-5.el5.x86_64
Installing gnome-desktop-2.16.0-1.fc6.x86_64
Installing gnome-mount-0.5-3.el5.x86_64
Installing evolution-data-server-1.12.3-18.el5.x86_64
Installing 1:NetworkManager-0.7.0-13.el5.x86_64
Installing pm-utils-0.99.3-14.el5.x86_64
Installing 1:NetworkManager-glib-0.7.0-13.el5.x86_64
Installing gtkhtml2-2.11.0-3.x86_64
Installing libgsf-1.14.1-6.1.x86_64
Installing librsvg2-2.16.1-1.el5.x86_64
Installing kudzu-1.2.57.1.26-7.x86_64
Installing rhnsd-4.7.0-14.el5.x86_64
Installing nfs-utils-lib-1.0.8-7.9.el5.x86_64
Installing 1:nfs-utils-1.0.9-66.el5.x86_64
Installing rhn-client-tools-0.4.20-86.el5.noarch
Installing rhncfg-5.10.27-12.el5sat.noarch
Installing yum-rhn-plugin-0.5.4-29.el5.noarch
Installing rhncfg-client-5.10.27-12.el5sat.noarch
Installing rhn-setup-0.4.20-86.el5.noarch
Installing system-config-network-tui-1.3.99.21-1.el5.noarch
Installing rhn-check-0.4.20-86.el5.noarch
Installing eel2-2.16.1-1.el5.x86_64
Installing 2:gimp-2.2.13-2.0.10.el5.x86_64
Installing gnome-panel-2.16.1-7.el5.x86_64
Installing gnome-terminal-2.16.0-5.3.el5_6.1.x86_64
Installing nautilus-extensions-2.16.2-10.el5.x86_64
Installing hal-0.5.8.1-64.el5.i386
Installing gnome-vfs2-2.16.2-10.el5.i386
Installing libgnome-2.16.0-6.el5.i386
Installing libbonoboui-2.16.0-1.fc6.i386
Installing libgnomeui-2.16.0-5.el5.i386
Installing gnome-desktop-2.16.0-1.fc6.i386
Installing evolution-data-server-1.12.3-18.el5.i386
Installing 1:NetworkManager-0.7.0-13.el5.i386
Installing 1:NetworkManager-glib-0.7.0-13.el5.i386
Installing firstboot-tui-1.4.27.9-1.el5.x86_64
Installing rhncfg-actions-5.10.27-12.el5sat.noarch
Installing rhn-custom-info-5.4.14-1.el5sat.noarch
Installing rhncfg-management-5.10.27-12.el5sat.noarch
Installing gnome-panel-2.16.1-7.el5.i386
Installing eel2-2.16.1-1.el5.i386
Installing nautilus-extensions-2.16.2-10.el5.i386
Installing libgsf-1.14.1-6.1.i386
Installing gnome-python2-2.16.0-1.fc6.x86_64
Installing gnome-python2-gconf-2.16.0-1.fc6.x86_64
Installing dogtail-0.6.1-4.el5.noarch
Installing gnome-python2-bonobo-2.16.0-1.fc6.x86_64
Installing gnome-python2-gnomevfs-2.16.0-1.fc6.x86_64
Installing ntp-4.2.2p1-15.el5_7.1.x86_64
Installing Deployment_Guide-en-US-5.8-1.el5.noarch
